
> @mmc/web@0.1.0 build C:\Users\hp\Desktop\Github\homeo-x\apps\web
> vite build

[36mvite v6.4.2 [32mbuilding for production...[36m[39m
transforming...
(node:12132) ExperimentalWarning: Type Stripping is an experimental feature and might change at any time
(Use `node --trace-warnings ...` to show where the warning was created)
[32m✓[39m 2987 modules transformed.
rendering chunks...
computing gzip size...
[2mdist/[22m[32mindex.html                                   [39m[1m[2m  0.92 kB[22m[1m[22m[2m │ gzip:   0.45 kB[22m
[33m
(!) Some chunks are larger than 500 kB after minification. Consider:
[2mdist/[22m[32massets/growth-chart-DbCdL643.png             [39m[1m[2m480.46 kB[22m[1m[22m
[2mdist/[22m[35massets/use-video-call-CIAEiAmH.css           [39m[1m[2m  0.40 kB[22m[1m[22m[2m │ gzip:   0.23 kB[22m
[2mdist/[22m[35massets/RemedyTreePage-DIAmVjme.css           [39m[1m[2m  2.24 kB[22m[1m[22m[2m │ gzip:   0.84 kB[22m
[2mdist/[22m[35massets/roles-permissions-page-DJQDuCOD.css   [39m[1m[2m  3.90 kB[22m[1m[22m[2m │ gzip:   1.15 kB[22m
[2mdist/[22m[35massets/consultation-mode-page-DrNVyqns.css   [39m[1m[2m  4.44 kB[22m[1m[22m[2m │ gzip:   1.18 kB[22m
[2mdist/[22m[35massets/settings-Bdq_7F0q.css                 [39m[1m[2m  4.61 kB[22m[1m[22m[2m │ gzip:   1.32 kB[22m
- Using dynamic import() to code-split the application
- Use build.rollupOptions.output.manualChunks to improve chunking: https://rollupjs.org/configuration-options/#output-manualchunks
- Adjust chunk size limit for this warning via build.chunkSizeWarningLimit.[39m
[2mdist/[22m[35massets/login-page-BQFO_iXE.css               [39m[1m[2m  5.01 kB[22m[1m[22m[2m │ gzip:   1.36 kB[22m
[2mdist/[22m[35massets/clinical-hub-page-DQj6yTVl.css        [39m[1m[2m  7.81 kB[22m[1m[22m[2m │ gzip:   1.81 kB[22m
[2mdist/[22m[35massets/packages-fZu2eGkn.css                 [39m[1m[2m  7.82 kB[22m[1m[22m[2m │ gzip:   1.95 kB[22m
[2mdist/[22m[35massets/vitals-check-page-D8Pl-s6C.css        [39m[1m[2m 11.03 kB[22m[1m[22m[2m │ gzip:   2.28 kB[22m
[2mdist/[22m[35massets/billing-BFHzPsNQ.css                  [39m[1m[2m 12.53 kB[22m[1m[22m[2m │ gzip:   2.62 kB[22m
[2mdist/[22m[35massets/communications-BHKc6piv.css           [39m[1m[2m 13.38 kB[22m[1m[22m[2m │ gzip:   2.81 kB[22m
[2mdist/[22m[35massets/role-dashboards-DWTXbMOd.css          [39m[1m[2m 13.68 kB[22m[1m[22m[2m │ gzip:   2.95 kB[22m
[2mdist/[22m[35massets/platform-C9ZwtjRZ.css                 [39m[1m[2m 15.34 kB[22m[1m[22m[2m │ gzip:   3.26 kB[22m
[2mdist/[22m[35massets/patients-Br5FhO5P.css                 [39m[1m[2m 15.74 kB[22m[1m[22m[2m │ gzip:   3.37 kB[22m
[2mdist/[22m[35massets/operations-dashboard-3SIADGQW.css     [39m[1m[2m 15.91 kB[22m[1m[22m[2m │ gzip:   3.37 kB[22m
[2mdist/[22m[35massets/dashboard-page-BWFDYTUT.css           [39m[1m[2m 16.00 kB[22m[1m[22m[2m │ gzip:   2.97 kB[22m
[2mdist/[22m[35massets/appointments-DPQpfQsM.css             [39m[1m[2m 40.03 kB[22m[1m[22m[2m │ gzip:   7.04 kB[22m
[2mdist/[22m[35massets/medical-case-C6Y6myFM.css             [39m[1m[2m 47.34 kB[22m[1m[22m[2m │ gzip:   8.49 kB[22m
[2mdist/[22m[35massets/index-C0AeDT1E.css                    [39m[1m[2m105.31 kB[22m[1m[22m[2m │ gzip:  18.92 kB[22m
[2mdist/[22m[36massets/use-api-BGPp8pCB.js                   [39m[1m[2m  0.08 kB[22m[1m[22m[2m │ gzip:   0.09 kB[22m
[2mdist/[22m[36massets/enums-BBv5f6uR.js                     [39m[1m[2m  0.60 kB[22m[1m[22m[2m │ gzip:   0.31 kB[22m
[2mdist/[22m[36massets/use-doctors-BzzA5Gql.js               [39m[1m[2m  0.65 kB[22m[1m[22m[2m │ gzip:   0.44 kB[22m
[2mdist/[22m[36massets/use-organizations-BbUsPu0f.js         [39m[1m[2m  0.81 kB[22m[1m[22m[2m │ gzip:   0.34 kB[22m
[2mdist/[22m[36massets/NumericInput-C5aaKBEd.js              [39m[1m[2m  0.82 kB[22m[1m[22m[2m │ gzip:   0.50 kB[22m
[2mdist/[22m[36massets/ai-consultant-page-C16Dv8BT.js        [39m[1m[2m  0.99 kB[22m[1m[22m[2m │ gzip:   0.53 kB[22m
[2mdist/[22m[36massets/use-remedy-chart-cbu_zVDe.js          [39m[1m[2m  1.03 kB[22m[1m[22m[2m │ gzip:   0.42 kB[22m
[2mdist/[22m[36massets/use-staff-Du5In6np.js                 [39m[1m[2m  1.23 kB[22m[1m[22m[2m │ gzip:   0.50 kB[22m
[2mdist/[22m[36massets/status-badge-DRqluR-r.js              [39m[1m[2m  1.27 kB[22m[1m[22m[2m │ gzip:   0.55 kB[22m
[2mdist/[22m[36massets/use-billing-BUD5qLLu.js               [39m[1m[2m  1.45 kB[22m[1m[22m[2m │ gzip:   0.42 kB[22m
[2mdist/[22m[36massets/appointment-form-page-B0f6gmt_.js     [39m[1m[2m  1.75 kB[22m[1m[22m[2m │ gzip:   0.80 kB[22m
[2mdist/[22m[36massets/packages-COYT0qtU.js                  [39m[1m[2m  1.80 kB[22m[1m[22m[2m │ gzip:   0.64 kB[22m
[2mdist/[22m[36massets/StaffManagementPage-ArgNGCkE.js       [39m[1m[2m  1.87 kB[22m[1m[22m[2m │ gzip:   0.68 kB[22m
[2mdist/[22m[36massets/use-analytics-gVn96TPa.js             [39m[1m[2m  1.92 kB[22m[1m[22m[2m │ gzip:   0.62 kB[22m
[2mdist/[22m[36massets/use-communications-YaCvXwpB.js        [39m[1m[2m  1.93 kB[22m[1m[22m[2m │ gzip:   0.60 kB[22m
[2mdist/[22m[36massets/use-patients-DjnkEkyd.js              [39m[1m[2m  2.36 kB[22m[1m[22m[2m │ gzip:   0.75 kB[22m
[2mdist/[22m[36massets/use-settings-aS4-0ued.js              [39m[1m[2m  2.55 kB[22m[1m[22m[2m │ gzip:   0.97 kB[22m
[2mdist/[22m[36massets/use-appointments-DN4K8CgC.js          [39m[1m[2m  2.63 kB[22m[1m[22m[2m │ gzip:   0.84 kB[22m
[2mdist/[22m[36massets/RemedyTreePage-Ez4FXuTR.js            [39m[1m[2m  2.79 kB[22m[1m[22m[2m │ gzip:   1.14 kB[22m
[2mdist/[22m[36massets/ExportDataPage-BTJEP0Nq.js            [39m[1m[2m  3.21 kB[22m[1m[22m[2m │ gzip:   1.36 kB[22m
[2mdist/[22m[36massets/StocksLogPage-BGp5CPuh.js             [39m[1m[2m  3.71 kB[22m[1m[22m[2m │ gzip:   1.40 kB[22m
[2mdist/[22m[36massets/use-accounts-DCvomkV9.js              [39m[1m[2m  4.00 kB[22m[1m[22m[2m │ gzip:   0.66 kB[22m
[2mdist/[22m[36massets/clinical-hub-page-Bo24zZa7.js         [39m[1m[2m  4.38 kB[22m[1m[22m[2m │ gzip:   1.39 kB[22m
[2mdist/[22m[36massets/dashboard-analytics-page-BP4rLiuu.js  [39m[1m[2m  4.89 kB[22m[1m[22m[2m │ gzip:   1.54 kB[22m
[2mdist/[22m[36massets/package-tracking-page-CFNCzS9z.js     [39m[1m[2m  5.19 kB[22m[1m[22m[2m │ gzip:   1.82 kB[22m
[2mdist/[22m[36massets/PotenciesPage-Fe6nsXXv.js             [39m[1m[2m  5.26 kB[22m[1m[22m[2m │ gzip:   1.69 kB[22m
[2mdist/[22m[36massets/family-group-list-page-DRsFUHBz.js    [39m[1m[2m  5.27 kB[22m[1m[22m[2m │ gzip:   1.72 kB[22m
[2mdist/[22m[36massets/sms-reports-page-D1VBQlDO.js          [39m[1m[2m  5.38 kB[22m[1m[22m[2m │ gzip:   1.80 kB[22m
[2mdist/[22m[36massets/DepartmentsPage-BVx3JIrG.js           [39m[1m[2m  5.50 kB[22m[1m[22m[2m │ gzip:   1.76 kB[22m
[2mdist/[22m[36massets/StickersPage-DL6rpdvR.js              [39m[1m[2m  5.72 kB[22m[1m[22m[2m │ gzip:   1.85 kB[22m
[2mdist/[22m[36massets/login-page-DLEEtgaV.js                [39m[1m[2m  5.78 kB[22m[1m[22m[2m │ gzip:   2.10 kB[22m
[2mdist/[22m[36massets/ExpensesHeadPage-DL5Ycl-B.js          [39m[1m[2m  5.90 kB[22m[1m[22m[2m │ gzip:   1.86 kB[22m
[2mdist/[22m[36massets/DayChargesPage-RtS1ETLa.js            [39m[1m[2m  5.92 kB[22m[1m[22m[2m │ gzip:   1.88 kB[22m
[2mdist/[22m[36massets/CustomBillPage-DcWTqG-G.js            [39m[1m[2m  6.01 kB[22m[1m[22m[2m │ gzip:   1.91 kB[22m
[2mdist/[22m[36massets/whatsapp-page-CzZXNF_u.js             [39m[1m[2m  6.07 kB[22m[1m[22m[2m │ gzip:   2.00 kB[22m
[2mdist/[22m[36massets/ReferralSourcesPage-BC2sjWad.js       [39m[1m[2m  6.08 kB[22m[1m[22m[2m │ gzip:   1.93 kB[22m
[2mdist/[22m[36massets/BillingFormPage-wroNRECG.js           [39m[1m[2m  6.24 kB[22m[1m[22m[2m │ gzip:   1.89 kB[22m
[2mdist/[22m[36massets/sms-templates-page-WLIVIHkH.js        [39m[1m[2m  6.30 kB[22m[1m[22m[2m │ gzip:   2.05 kB[22m
[2mdist/[22m[36massets/FrequenciesPage-CgOoFkfw.js           [39m[1m[2m  6.33 kB[22m[1m[22m[2m │ gzip:   1.87 kB[22m
[2mdist/[22m[36massets/patient-meet-page-CBdDQyF6.js         [39m[1m[2m  6.43 kB[22m[1m[22m[2m │ gzip:   2.26 kB[22m
[2mdist/[22m[36massets/package-plans-page-DUESEoaC.js        [39m[1m[2m  6.59 kB[22m[1m[22m[2m │ gzip:   2.09 kB[22m
[2mdist/[22m[36massets/group-sms-page-DhpJaAPj.js            [39m[1m[2m  6.88 kB[22m[1m[22m[2m │ gzip:   2.24 kB[22m
[2mdist/[22m[36massets/case-list-page-ODqdkwIk.js            [39m[1m[2m  7.17 kB[22m[1m[22m[2m │ gzip:   2.07 kB[22m
[2mdist/[22m[36massets/MessageTemplatesPage-B0hjIM3f.js      [39m[1m[2m  7.26 kB[22m[1m[22m[2m │ gzip:   2.13 kB[22m
[2mdist/[22m[36massets/FaqsPage-CB1o0Zu9.js                  [39m[1m[2m  7.36 kB[22m[1m[22m[2m │ gzip:   2.39 kB[22m
[2mdist/[22m[36massets/CmsManagePage-C6DRxK2Q.js             [39m[1m[2m  7.49 kB[22m[1m[22m[2m │ gzip:   2.29 kB[22m
[2mdist/[22m[36massets/CouriersPage-AoyTcqjZ.js              [39m[1m[2m  7.55 kB[22m[1m[22m[2m │ gzip:   2.15 kB[22m
[2mdist/[22m[36massets/PackagePlansPage-BQ_Tjs5x.js          [39m[1m[2m  7.79 kB[22m[1m[22m[2m │ gzip:   2.23 kB[22m
[2mdist/[22m[36massets/PaymentsPage-BYB0CuLa.js              [39m[1m[2m  7.89 kB[22m[1m[22m[2m │ gzip:   2.52 kB[22m
[2mdist/[22m[36massets/calendar-page-CxgNdxj6.js             [39m[1m[2m  8.02 kB[22m[1m[22m[2m │ gzip:   2.67 kB[22m
[2mdist/[22m[36massets/vitals-form-modal-HB8Z0gBb.js         [39m[1m[2m  8.33 kB[22m[1m[22m[2m │ gzip:   2.23 kB[22m
[2mdist/[22m[36massets/StocksPage-BMe_YM1F.js                [39m[1m[2m  8.60 kB[22m[1m[22m[2m │ gzip:   2.37 kB[22m
[2mdist/[22m[36massets/AdditionalChargesPage-T_2NrFAl.js     [39m[1m[2m  9.21 kB[22m[1m[22m[2m │ gzip:   2.68 kB[22m
[2mdist/[22m[36massets/vitals-check-page-BeDej-eR.js         [39m[1m[2m  9.48 kB[22m[1m[22m[2m │ gzip:   2.95 kB[22m
[2mdist/[22m[36massets/DispensariesPage-C5YlE67T.js          [39m[1m[2m  9.58 kB[22m[1m[22m[2m │ gzip:   2.61 kB[22m
[2mdist/[22m[36massets/ClinicsPage-B04Cz-Qr.js               [39m[1m[2m  9.62 kB[22m[1m[22m[2m │ gzip:   2.69 kB[22m
[2mdist/[22m[36massets/ExpensesPage-BTKTcRmU.js              [39m[1m[2m  9.63 kB[22m[1m[22m[2m │ gzip:   2.79 kB[22m
[2mdist/[22m[36massets/AccountsPage-iSxVP5cS.js              [39m[1m[2m 10.16 kB[22m[1m[22m[2m │ gzip:   2.90 kB[22m
[2mdist/[22m[36massets/MedicinesPage-cTEjvKW5.js             [39m[1m[2m 10.22 kB[22m[1m[22m[2m │ gzip:   2.84 kB[22m
[2mdist/[22m[36massets/appointment-form-CpGkl8HZ.js          [39m[1m[2m 10.80 kB[22m[1m[22m[2m │ gzip:   3.63 kB[22m
[2mdist/[22m[36massets/patient-detail-page-DdJPpwSw.js       [39m[1m[2m 10.81 kB[22m[1m[22m[2m │ gzip:   3.39 kB[22m
[2mdist/[22m[36massets/ai-consultant-view-C3fu9Rmu.js        [39m[1m[2m 10.87 kB[22m[1m[22m[2m │ gzip:   4.23 kB[22m
[2mdist/[22m[36massets/PdfSettingsPage-BQOU1RZZ.js           [39m[1m[2m 10.89 kB[22m[1m[22m[2m │ gzip:   3.13 kB[22m
[2mdist/[22m[36massets/staff-form-page-DMgi93jw.js           [39m[1m[2m 11.04 kB[22m[1m[22m[2m │ gzip:   3.04 kB[22m
[2mdist/[22m[36massets/staff-list-page-CORrgEhv.js           [39m[1m[2m 11.58 kB[22m[1m[22m[2m │ gzip:   3.16 kB[22m
[2mdist/[22m[36massets/DepositsPage-DKvM2SkZ.js              [39m[1m[2m 11.90 kB[22m[1m[22m[2m │ gzip:   3.11 kB[22m
[2mdist/[22m[36massets/patient-queue-page-DanNFsTv.js        [39m[1m[2m 12.20 kB[22m[1m[22m[2m │ gzip:   3.31 kB[22m
[2mdist/[22m[36massets/patient-form-page-C6Vp4I_V.js         [39m[1m[2m 12.29 kB[22m[1m[22m[2m │ gzip:   3.16 kB[22m
[2mdist/[22m[36massets/reports-page-D78jgObG.js              [39m[1m[2m 12.60 kB[22m[1m[22m[2m │ gzip:   3.27 kB[22m
[2mdist/[22m[36massets/AccountManagersPage-tK-ncc0w.js       [39m[1m[2m 14.07 kB[22m[1m[22m[2m │ gzip:   4.04 kB[22m
[2mdist/[22m[36massets/EmployeesPage-DNMR_Ah1.js             [39m[1m[2m 14.20 kB[22m[1m[22m[2m │ gzip:   4.07 kB[22m
[2mdist/[22m[36massets/DoctorDetailPage-Cmy-WSax.js          [39m[1m[2m 14.70 kB[22m[1m[22m[2m │ gzip:   3.24 kB[22m
[2mdist/[22m[36massets/roles-permissions-page-D5j7Wz_8.js    [39m[1m[2m 15.05 kB[22m[1m[22m[2m │ gzip:   3.84 kB[22m
[2mdist/[22m[36massets/BillingListPage-CS1m1zcu.js           [39m[1m[2m 15.60 kB[22m[1m[22m[2m │ gzip:   4.11 kB[22m
[2mdist/[22m[36massets/appointment-list-page-BtBF--u9.js     [39m[1m[2m 15.89 kB[22m[1m[22m[2m │ gzip:   4.43 kB[22m
[2mdist/[22m[36massets/ReceptionistsPage-CjIF8284.js         [39m[1m[2m 16.25 kB[22m[1m[22m[2m │ gzip:   4.54 kB[22m
[2mdist/[22m[36massets/ClinicAdminsPage-ou1AFfzH.js          [39m[1m[2m 16.40 kB[22m[1m[22m[2m │ gzip:   4.64 kB[22m
[2mdist/[22m[36massets/print-lH_oDjA5.js                     [39m[1m[2m 16.88 kB[22m[1m[22m[2m │ gzip:   3.85 kB[22m
[2mdist/[22m[36massets/token-queue-page-CmgNn7E1.js          [39m[1m[2m 17.02 kB[22m[1m[22m[2m │ gzip:   4.37 kB[22m
[2mdist/[22m[36massets/followups-page-BjMQ6VNU.js            [39m[1m[2m 18.26 kB[22m[1m[22m[2m │ gzip:   4.47 kB[22m
[2mdist/[22m[36massets/DoctorsPage-BL62OqP7.js               [39m[1m[2m 19.39 kB[22m[1m[22m[2m │ gzip:   4.83 kB[22m
[2mdist/[22m[36massets/patient-list-page-CEm74-14.js         [39m[1m[2m 19.79 kB[22m[1m[22m[2m │ gzip:   5.48 kB[22m
[2mdist/[22m[36massets/format-CBpsKyOP.js                    [39m[1m[2m 20.37 kB[22m[1m[22m[2m │ gzip:   5.76 kB[22m
[2mdist/[22m[36massets/operations-dashboard-5bYtJVLV.js      [39m[1m[2m 32.23 kB[22m[1m[22m[2m │ gzip:   7.00 kB[22m
[2mdist/[22m[36massets/query-DNnhLlqW.js                     [39m[1m[2m 41.14 kB[22m[1m[22m[2m │ gzip:  12.23 kB[22m
[2mdist/[22m[36massets/dashboard-page-CVAtGmxX.js            [39m[1m[2m 44.31 kB[22m[1m[22m[2m │ gzip:  10.46 kB[22m
[2mdist/[22m[36massets/case-detail-page-CBXx0QCU.js          [39m[1m[2m 58.38 kB[22m[1m[22m[2m │ gzip:  14.87 kB[22m
[2mdist/[22m[36massets/icons-51lSr1iy.js                     [39m[1m[2m 68.15 kB[22m[1m[22m[2m │ gzip:  13.51 kB[22m
[2mdist/[22m[36massets/medicine.schema-CALF4mIX.js           [39m[1m[2m 69.23 kB[22m[1m[22m[2m │ gzip:  15.53 kB[22m
[2mdist/[22m[36massets/index-D2IXZxOm.js                     [39m[1m[2m131.08 kB[22m[1m[22m[2m │ gzip:  42.29 kB[22m
[2mdist/[22m[36massets/consultation-mode-page-Co2cbfPu.js    [39m[1m[2m205.66 kB[22m[1m[22m[2m │ gzip:  60.07 kB[22m
[2mdist/[22m[36massets/react-vendor-DKwzqiku.js              [39m[1m[2m233.14 kB[22m[1m[22m[2m │ gzip:  74.44 kB[22m
[2mdist/[22m[36massets/charts-B_Bgr0yi.js                    [39m[1m[2m394.63 kB[22m[1m[22m[2m │ gzip: 115.46 kB[22m
[2mdist/[22m[36massets/use-video-call-J5EfZs2a.js            [39m[1m[33m535.61 kB[39m[22m[2m │ gzip: 138.34 kB[22m
[32m✓ built in 12.08s[39m
