
> @mmc/api@0.1.0 build /Users/apple/Documents/worksarea/homeo-x/apps/api
> tsc

src/domains/communication/use-cases/get-sms-reports.use-case.ts(17,7): error TS2322: Type 'Result<never, unknown>' is not assignable to type 'Result<{ data: SmsReport[]; total: number; }>'.
  Type '{ success: false; error: unknown; code?: string | undefined; }' is not assignable to type 'Result<{ data: SmsReport[]; total: number; }>'.
    Type '{ success: false; error: unknown; code?: string | undefined; }' is not assignable to type '{ success: false; error: string; code?: string | undefined; }'.
      Types of property 'error' are incompatible.
        Type 'unknown' is not assignable to type 'string'.
src/domains/communication/use-cases/manage-sms-templates.use-case.ts(13,7): error TS2322: Type 'Result<never, unknown>' is not assignable to type 'Result<SmsTemplate[]>'.
  Type '{ success: false; error: unknown; code?: string | undefined; }' is not assignable to type 'Result<SmsTemplate[]>'.
    Type '{ success: false; error: unknown; code?: string | undefined; }' is not assignable to type '{ success: false; error: string; code?: string | undefined; }'.
      Types of property 'error' are incompatible.
        Type 'unknown' is not assignable to type 'string'.
src/domains/communication/use-cases/manage-sms-templates.use-case.ts(23,7): error TS2322: Type 'Result<never, unknown>' is not assignable to type 'Result<SmsTemplate>'.
  Type '{ success: false; error: unknown; code?: string | undefined; }' is not assignable to type 'Result<SmsTemplate>'.
    Type '{ success: false; error: unknown; code?: string | undefined; }' is not assignable to type '{ success: false; error: string; code?: string | undefined; }'.
      Types of property 'error' are incompatible.
        Type 'unknown' is not assignable to type 'string'.
src/domains/communication/use-cases/manage-sms-templates.use-case.ts(34,7): error TS2322: Type 'Result<never, unknown>' is not assignable to type 'Result<SmsTemplate>'.
  Type '{ success: false; error: unknown; code?: string | undefined; }' is not assignable to type 'Result<SmsTemplate>'.
    Type '{ success: false; error: unknown; code?: string | undefined; }' is not assignable to type '{ success: false; error: string; code?: string | undefined; }'.
      Types of property 'error' are incompatible.
        Type 'unknown' is not assignable to type 'string'.
src/domains/communication/use-cases/manage-sms-templates.use-case.ts(43,7): error TS2322: Type 'Result<never, unknown>' is not assignable to type 'Result<SmsTemplate>'.
  Type '{ success: false; error: unknown; code?: string | undefined; }' is not assignable to type 'Result<SmsTemplate>'.
    Type '{ success: false; error: unknown; code?: string | undefined; }' is not assignable to type '{ success: false; error: string; code?: string | undefined; }'.
      Types of property 'error' are incompatible.
        Type 'unknown' is not assignable to type 'string'.
src/domains/communication/use-cases/manage-sms-templates.use-case.ts(52,7): error TS2322: Type 'Result<never, unknown>' is not assignable to type 'Result<void>'.
  Type '{ success: false; error: unknown; code?: string | undefined; }' is not assignable to type 'Result<void>'.
    Type '{ success: false; error: unknown; code?: string | undefined; }' is not assignable to type '{ success: false; error: string; code?: string | undefined; }'.
      Types of property 'error' are incompatible.
        Type 'unknown' is not assignable to type 'string'.
src/domains/communication/use-cases/send-sms.use-case.ts(6,15): error TS2724: '"../../appointment/ports/appointment.repository.js"' has no exported member named 'IAppointmentRepository'. Did you mean 'AppointmentRepository'?
src/domains/communication/use-cases/send-sms.use-case.ts(7,15): error TS2724: '"../../patient/ports/patient.repository.js"' has no exported member named 'IPatientRepository'. Did you mean 'PatientRepository'?
src/domains/communication/use-cases/send-sms.use-case.ts(55,7): error TS2322: Type 'Result<never, unknown>' is not assignable to type 'Result<SendSmsResult>'.
  Type '{ success: false; error: unknown; code?: string | undefined; }' is not assignable to type 'Result<SendSmsResult>'.
    Type '{ success: false; error: unknown; code?: string | undefined; }' is not assignable to type '{ success: false; error: string; code?: string | undefined; }'.
      Types of property 'error' are incompatible.
        Type 'unknown' is not assignable to type 'string'.
src/domains/communication/use-cases/send-sms.use-case.ts(104,7): error TS2322: Type 'Result<never, unknown>' is not assignable to type 'Result<SendSmsResult>'.
  Type '{ success: false; error: unknown; code?: string | undefined; }' is not assignable to type 'Result<SendSmsResult>'.
    Type '{ success: false; error: unknown; code?: string | undefined; }' is not assignable to type '{ success: false; error: string; code?: string | undefined; }'.
      Types of property 'error' are incompatible.
        Type 'unknown' is not assignable to type 'string'.
src/domains/communication/use-cases/send-whatsapp.use-case.ts(3,15): error TS2724: '"../../patient/ports/patient.repository.js"' has no exported member named 'IPatientRepository'. Did you mean 'PatientRepository'?
src/domains/communication/use-cases/send-whatsapp.use-case.ts(42,7): error TS2322: Type 'Result<never, unknown>' is not assignable to type 'Result<SendWhatsAppResult>'.
  Type '{ success: false; error: unknown; code?: string | undefined; }' is not assignable to type 'Result<SendWhatsAppResult>'.
    Type '{ success: false; error: unknown; code?: string | undefined; }' is not assignable to type '{ success: false; error: string; code?: string | undefined; }'.
      Types of property 'error' are incompatible.
        Type 'unknown' is not assignable to type 'string'.
src/domains/communication/use-cases/send-whatsapp.use-case.ts(84,7): error TS2322: Type 'Result<never, unknown>' is not assignable to type 'Result<SendWhatsAppResult>'.
  Type '{ success: false; error: unknown; code?: string | undefined; }' is not assignable to type 'Result<SendWhatsAppResult>'.
    Type '{ success: false; error: unknown; code?: string | undefined; }' is not assignable to type '{ success: false; error: string; code?: string | undefined; }'.
      Types of property 'error' are incompatible.
        Type 'unknown' is not assignable to type 'string'.
src/infrastructure/http/middleware/auth.ts(24,75): error TS2322: Type '"Doctor"' is not assignable to type 'Role'.
src/infrastructure/http/routes/doctors.ts(5,14): error TS2742: The inferred type of 'doctorsRouter' cannot be named without a reference to '.pnpm/@types+express-serve-static-core@5.1.1/node_modules/@types/express-serve-static-core'. This is likely not portable. A type annotation is necessary.
src/infrastructure/http/routes/medical-cases.ts(41,27): error TS2339: Property 'data' does not exist on type 'Result<number>'.
  Property 'data' does not exist on type '{ success: false; error: string; code?: string | undefined; }'.
src/infrastructure/http/routes/medical-cases.ts(60,27): error TS2339: Property 'data' does not exist on type 'Result<FullCaseData>'.
  Property 'data' does not exist on type '{ success: false; error: string; code?: string | undefined; }'.
src/infrastructure/http/routes/medical-cases.ts(74,27): error TS2339: Property 'data' does not exist on type 'Result<Vitals | null>'.
  Property 'data' does not exist on type '{ success: false; error: string; code?: string | undefined; }'.
src/infrastructure/http/routes/medical-cases.ts(86,27): error TS2339: Property 'data' does not exist on type 'Result<SoapNotes | null>'.
  Property 'data' does not exist on type '{ success: false; error: string; code?: string | undefined; }'.
src/infrastructure/http/routes/medical-cases.ts(130,27): error TS2339: Property 'data' does not exist on type 'Result<number>'.
  Property 'data' does not exist on type '{ success: false; error: string; code?: string | undefined; }'.
src/infrastructure/http/routes/medical-cases.ts(149,14): error TS2742: The inferred type of 'medicalCasesRouter' cannot be named without a reference to '.pnpm/@types+express-serve-static-core@5.1.1/node_modules/@types/express-serve-static-core'. This is likely not portable. A type annotation is necessary.
src/infrastructure/repositories/communication.repository.pg.ts(6,8): error TS2307: Cannot find module '@mmc/database/schema/communication' or its corresponding type declarations.
src/infrastructure/repositories/communication.repository.pg.ts(20,29): error TS2339: Property 'db' does not exist on type 'CommunicationRepositoryPG'.
src/infrastructure/repositories/communication.repository.pg.ts(29,30): error TS2339: Property 'db' does not exist on type 'CommunicationRepositoryPG'.
src/infrastructure/repositories/communication.repository.pg.ts(37,30): error TS2339: Property 'db' does not exist on type 'CommunicationRepositoryPG'.
src/infrastructure/repositories/communication.repository.pg.ts(50,30): error TS2339: Property 'db' does not exist on type 'CommunicationRepositoryPG'.
src/infrastructure/repositories/communication.repository.pg.ts(59,16): error TS2339: Property 'db' does not exist on type 'CommunicationRepositoryPG'.
src/infrastructure/repositories/communication.repository.pg.ts(83,35): error TS2339: Property 'db' does not exist on type 'CommunicationRepositoryPG'.
src/infrastructure/repositories/communication.repository.pg.ts(88,29): error TS2339: Property 'db' does not exist on type 'CommunicationRepositoryPG'.
src/infrastructure/repositories/communication.repository.pg.ts(103,30): error TS2339: Property 'db' does not exist on type 'CommunicationRepositoryPG'.
src/infrastructure/repositories/communication.repository.pg.ts(123,30): error TS2339: Property 'db' does not exist on type 'CommunicationRepositoryPG'.
src/infrastructure/repositories/communication.repository.pg.ts(138,29): error TS2339: Property 'db' does not exist on type 'CommunicationRepositoryPG'.
src/infrastructure/repositories/communication.repository.pg.ts(154,16): error TS2339: Property 'db' does not exist on type 'CommunicationRepositoryPG'.
src/infrastructure/repositories/communication.repository.pg.ts(159,16): error TS2339: Property 'db' does not exist on type 'CommunicationRepositoryPG'.
src/infrastructure/repositories/communication.repository.pg.ts(170,33): error TS2339: Property 'db' does not exist on type 'CommunicationRepositoryPG'.
src/infrastructure/repositories/communication.repository.pg.ts(183,16): error TS2339: Property 'db' does not exist on type 'CommunicationRepositoryPG'.
src/infrastructure/repositories/inventory.repository.pg.ts(25,9): error TS2353: Object literal may only specify known properties, and 'ml' does not exist in type '{ name?: string | SQL<unknown> | PgColumn<ColumnBaseConfig<ColumnDataType, string>, {}, {}> | undefined; id?: number | SQL<unknown> | PgColumn<...> | undefined; ... 5 more ...; price?: number | ... 3 more ... | undefined; }'.
src/infrastructure/repositories/medical-case.repository.pg.ts(66,13): error TS2339: Property 'where' does not exist on type 'Omit<PgSelectBase<"medicalcases", { id: PgColumn<{ name: "id"; tableName: "medicalcases"; dataType: "number"; columnType: "PgSerial"; data: number; driverParam: number; notNull: true; hasDefault: true; isPrimaryKey: true; ... 5 more ...; generated: undefined; }, {}, {}>; ... 9 more ...; city: PgColumn<...>; }, ... 5...'.
src/infrastructure/repositories/medical-case.repository.pg.ts(283,12): error TS18048: 'row' is possibly 'undefined'.
src/infrastructure/repositories/mocks/mock-communication.repository.ts(63,5): error TS2322: Type '{ updatedAt: Date; name?: string | undefined; message?: string | undefined; smsType?: string | undefined; isActive?: boolean | undefined; id?: number | undefined; createdAt?: Date | undefined; deletedAt?: Date | ... 1 more ... | undefined; }' is not assignable to type 'SmsTemplate'.
  Types of property 'id' are incompatible.
    Type 'number | undefined' is not assignable to type 'number'.
      Type 'undefined' is not assignable to type 'number'.
src/infrastructure/repositories/mocks/mock-communication.repository.ts(64,5): error TS2322: Type 'SmsTemplate | undefined' is not assignable to type 'SmsTemplate'.
  Type 'undefined' is not assignable to type 'SmsTemplate'.
src/infrastructure/repositories/mocks/mock-communication.repository.ts(70,7): error TS2322: Type '{ deletedAt: Date; isActive: false; id?: number | undefined; name?: string | undefined; message?: string | undefined; smsType?: string | undefined; createdAt?: Date | undefined; updatedAt?: Date | undefined; }' is not assignable to type 'SmsTemplate'.
  Types of property 'id' are incompatible.
    Type 'number | undefined' is not assignable to type 'number'.
      Type 'undefined' is not assignable to type 'number'.
src/infrastructure/repositories/mocks/mock-communication.repository.ts(100,7): error TS2322: Type 'string | undefined' is not assignable to type 'string | null'.
  Type 'undefined' is not assignable to type 'string | null'.
 ELIFECYCLE  Command failed with exit code 1.
